#
# A fatal error has been detected by the Java Runtime Environment:
#
#  EXCEPTION_ACCESS_VIOLATION (0xc0000005) at pc=0x000000001391bb76, pid=10132, tid=10236
#
# JRE version: OpenJDK Runtime Environment (11.0.2+9) (build 11.0.2+9)
# Java VM: OpenJDK 64-Bit Server VM (11.0.2+9, mixed mode, tiered, compressed oops, g1 gc, windows-amd64)
# Problematic frame:
# J 18457 c2 com.sun.javafx.sg.prism.NGNode.renderClip(Lcom/sun/prism/Graphics;)V (473 bytes) @ 0x000000001391bb76 [0x000000001391bb40+0x0000000000000036]
#
# No core dump will be written. Minidumps are not enabled by default on client versions of Windows
#
# If you would like to submit a bug report, please visit:
#   http://bugreport.java.com/bugreport/crash.jsp
#

---------------  S U M M A R Y ------------

Command Line: -Djavafx.embed.singleThread=true 

Host: Intel(R) Core(TM) i5-8400 CPU @ 2.80GHz, 6 cores, 7G,  Windows 10 , 64 bit Build 17134 (10.0.17134.706)
Time: Wed May  8 10:51:44 2019 India Standard Time elapsed time: 607 seconds (0d 0h 10m 7s)

---------------  T H R E A D  ---------------

Current thread (0x0000000024a95800):  JavaThread "QuantumRenderer-0" daemon [_thread_in_Java, id=10236, stack(0x00000000254e0000,0x00000000256e0000)]

Stack: [0x00000000254e0000,0x00000000256e0000],  sp=0x00000000256dd680,  free space=2037k
Native frames: (J=compiled Java code, j=interpreted, Vv=VM code, C=native code)
C  0x000000001391bb76


siginfo: EXCEPTION_ACCESS_VIOLATION (0xc0000005), reading address 0x000000008000000c


Register to memory mapping:

RIP=0x000000001391bb76 is at entry_point+54 in (nmethod*)0x000000001391b690
RAX=0x0 is NULL
RBX={method} {0x000000002dfc0ac8} 'needsBlending' '()Z' in 'com/sun/javafx/sg/prism/NGGroup'
RCX=0x00000000925c3a90 is an oop: com.sun.javafx.geom.transform.Translate2D 
{0x00000000925c3a90} - klass: 'com/sun/javafx/geom/transform/Translate2D'
RDX=0x00000000925c3900 is an oop: com.sun.javafx.sg.prism.NGRegion 
{0x00000000925c3900} - klass: 'com/sun/javafx/sg/prism/NGRegion'
RSP=0x00000000256dd680 is pointing into the stack for thread: 0x0000000024a95800
RBP=0x00000000921177c8 is an oop: com.sun.prism.d3d.D3DGraphics 
{0x00000000921177c8} - klass: 'com/sun/prism/d3d/D3DGraphics'
RSI=
[error occurred during error reporting (printing register info), id 0xc0000005, EXCEPTION_ACCESS_VIOLATION (0xc0000005) at pc=0x00007ffcaef924b6]

Registers:
RAX=0x0000000000000000, RBX=0x000000002dfc0ac0, RCX=0x00000000925c3a90, RDX=0x00000000925c3900
RSP=0x00000000256dd680, RBP=0x00000000921177c8, RSI=0x00000000ffffffff, RDI=0x0000000020006916
R8 =0x00000000921177c8, R9 =0x00000000925c3900, R10=0x00000000001e1000, R11=0x0000000080000000
R12=0x0000000000000000, R13=0x0000000081e663c8, R14=0x00000000256dd258, R15=0x0000000024a95800
RIP=0x000000001391bb76, EFLAGS=0x0000000000010202

Top of Stack: (sp=0x00000000256dd680)
0x00000000256dd680:   3ff0000000000000 0000000000000000
0x00000000256dd690:   000000009264df78 000000009264de60
0x00000000256dd6a0:   0000000000000000 0000000000000000
0x00000000256dd6b0:   0000000081e2cfc8 000000001348ed64
0x00000000256dd6c0:   0000000000000002 0000000012fc24e4
0x00000000256dd6d0:   00000000925c3a90 00007ffca864927c
0x00000000256dd6e0:   0000000000000000 00007ffcab21f7e2
0x00000000256dd6f0:   0000000000000000 000000009210a0f0
0x00000000256dd700:   00000000921177c8 0000000012fa5568
0x00000000256dd710:   00000000925c3900 0000000100000000
0x00000000256dd720:   3ff0000000000000 0000000000000000
0x00000000256dd730:   0000000000000000 3ff0000000000000
0x00000000256dd740:   0000000000000000 0000000000000000
0x00000000256dd750:   0000000000000000 3ff0000000000000
0x00000000256dd760:   0000000000000000 4083b80000000000
0x00000000256dd770:   0000000000000000 0000000000000000 

Instructions: (pc=0x000000001391bb76)
0x000000001391bb56:   84 00 00 00 00 00 66 66 66 90 89 84 24 00 90 ff
0x000000001391bb66:   ff 55 48 81 ec 80 00 00 00 4c 8b ca 44 8b 5a 48
0x000000001391bb76:   c4 c1 7a 10 43 0c c5 f8 2e 05 9c ff ff ff 7a 06
0x000000001391bb86:   0f 84 5a 1f 00 00 45 8b 50 08 41 81 fa 93 dc 04 


Stack slot to memory mapping:
stack at sp + 0 slots: 0x3ff0000000000000 is an unknown value
stack at sp + 1 slots: 0x0 is NULL
stack at sp + 2 slots: 0x000000009264df78 is an oop: java.util.ArrayList 
{0x000000009264df78} - klass: 'java/util/ArrayList'
stack at sp + 3 slots: 0x000000009264de60 is an oop: com.sun.javafx.sg.prism.NGRegion 
{0x000000009264de60} - klass: 'com/sun/javafx/sg/prism/NGRegion'
stack at sp + 4 slots: 0x0 is NULL
stack at sp + 5 slots: 0x0 is NULL
stack at sp + 6 slots: 0x0000000081e2cfc8 is an oop: java.util.Collections$EmptyList 
{0x0000000081e2cfc8} - klass: 'java/util/Collections$EmptyList'
stack at sp + 7 slots: 0x000000001348ed64 is at entry_point+292 in (nmethod*)0x000000001348ea10



---------------  P R O C E S S  ---------------

Threads class SMR info:
_java_thread_list=0x000000007ea0a0f0, length=32, elements={
0x0000000000f59000, 0x0000000022e21800, 0x0000000022e2a000, 0x0000000022e89000,
0x0000000022e8a000, 0x0000000022e8c800, 0x0000000022e35800, 0x0000000022e95000,
0x0000000022fe9000, 0x0000000023002800, 0x00000000249dd000, 0x0000000024a95800,
0x0000000024b9c800, 0x0000000024ab7000, 0x0000000024ebe800, 0x0000000024fed800,
0x0000000024e85800, 0x0000000024e86800, 0x0000000024c6d800, 0x000000002504e800,
0x000000002504f800, 0x000000002504d000, 0x0000000025052000, 0x0000000032662000,
0x0000000032661000, 0x0000000032662800, 0x0000000025053000, 0x0000000032660800,
0x0000000032667000, 0x0000000032668800, 0x0000000032669800, 0x0000000032667800
}

Java Threads: ( => current thread )
  0x0000000000f59000 JavaThread "main" [_thread_blocked, id=10136, stack(0x00000000004e0000,0x00000000006e0000)]
  0x0000000022e21800 JavaThread "Reference Handler" daemon [_thread_blocked, id=10184, stack(0x0000000023400000,0x0000000023600000)]
  0x0000000022e2a000 JavaThread "Finalizer" daemon [_thread_blocked, id=10188, stack(0x0000000023600000,0x0000000023800000)]
  0x0000000022e89000 JavaThread "Signal Dispatcher" daemon [_thread_blocked, id=10192, stack(0x00000000238f0000,0x0000000023af0000)]
  0x0000000022e8a000 JavaThread "Attach Listener" daemon [_thread_blocked, id=10196, stack(0x0000000023af0000,0x0000000023cf0000)]
  0x0000000022e8c800 JavaThread "C2 CompilerThread0" daemon [_thread_blocked, id=10200, stack(0x0000000023cf0000,0x0000000023ef0000)]
  0x0000000022e35800 JavaThread "C1 CompilerThread0" daemon [_thread_blocked, id=10204, stack(0x0000000023ef0000,0x00000000240f0000)]
  0x0000000022e95000 JavaThread "Sweeper thread" daemon [_thread_blocked, id=10208, stack(0x00000000240f0000,0x00000000242f0000)]
  0x0000000022fe9000 JavaThread "Service Thread" daemon [_thread_blocked, id=10212, stack(0x00000000242f0000,0x00000000244f0000)]
  0x0000000023002800 JavaThread "Common-Cleaner" daemon [_thread_blocked, id=10220, stack(0x00000000246f0000,0x00000000248f0000)]
  0x00000000249dd000 JavaThread "JavaFX-Launcher" [_thread_blocked, id=10228, stack(0x00000000250f0000,0x00000000252f0000)]
=>0x0000000024a95800 JavaThread "QuantumRenderer-0" daemon [_thread_in_Java, id=10236, stack(0x00000000254e0000,0x00000000256e0000)]
  0x0000000024b9c800 JavaThread "InvokeLaterDispatcher" daemon [_thread_blocked, id=9284, stack(0x0000000025910000,0x0000000025b10000)]
  0x0000000024ab7000 JavaThread "JavaFX Application Thread" [_thread_blocked, id=9280, stack(0x0000000025b10000,0x0000000025d10000)]
  0x0000000024ebe800 JavaThread "Thread-2" daemon [_thread_in_native, id=9240, stack(0x000000002c8a0000,0x000000002caa0000)]
  0x0000000024fed800 JavaThread "Java2D Disposer" daemon [_thread_blocked, id=2676, stack(0x000000002dfe0000,0x000000002e1e0000)]
  0x0000000024e85800 JavaThread "AWT-Shutdown" [_thread_blocked, id=8272, stack(0x000000002e1e0000,0x000000002e3e0000)]
  0x0000000024e86800 JavaThread "AWT-Windows" daemon [_thread_in_native, id=8260, stack(0x000000002e3e0000,0x000000002e5e0000)]
  0x0000000024c6d800 JavaThread "Thread-3" [_thread_blocked, id=7800, stack(0x000000002e5e0000,0x000000002e7e0000)]
  0x000000002504e800 JavaThread "AWT-EventQueue-0" [_thread_blocked, id=8256, stack(0x0000000031a90000,0x0000000031c90000)]
  0x000000002504f800 JavaThread "TimerQueue" daemon [_thread_blocked, id=7844, stack(0x0000000033f40000,0x0000000034140000)]
  0x000000002504d000 JavaThread "Prism Font Disposer" daemon [_thread_blocked, id=2800, stack(0x0000000035ea0000,0x00000000360a0000)]
  0x0000000025052000 JavaThread "Cleaner-0" daemon [_thread_blocked, id=8304, stack(0x0000000036ea0000,0x00000000370a0000)]
  0x0000000032662000 JavaThread "SwingNode Disposer" daemon [_thread_blocked, id=9036, stack(0x0000000039a70000,0x0000000039c70000)]
  0x0000000032661000 JavaThread "BlueJ compiler thread" [_thread_blocked, id=6472, stack(0x000000003ca10000,0x000000003cc10000)]
  0x0000000032662800 JavaThread "Disposer" daemon [_thread_blocked, id=4412, stack(0x000000007e620000,0x000000007e820000)]
  0x0000000025053000 JavaThread "JDI Internal Event Handler" daemon [_thread_blocked, id=8828, stack(0x000000007f7f0000,0x000000007f9f0000)]
  0x0000000032660800 JavaThread "JDI Target VM Interface" daemon [_thread_in_native, id=2556, stack(0x000000007f9f0000,0x000000007fbf0000)]
  0x0000000032667000 JavaThread "BlueJ I/O Handler" [_thread_in_native, id=7108, stack(0x000000007fbf0000,0x000000007fdf0000)]
  0x0000000032668800 JavaThread "BlueJ I/O Handler" [_thread_in_native, id=9604, stack(0x000000007fff0000,0x00000000801f0000)]
  0x0000000032669800 JavaThread "BlueJ I/O Handler" [_thread_blocked, id=6304, stack(0x00000000801f0000,0x00000000803f0000)]
  0x0000000032667800 JavaThread "vm-event-handler" [_thread_blocked, id=6820, stack(0x0000000081440000,0x0000000081640000)]

Other Threads:
  0x00000000221ed800 VMThread "VM Thread" [stack: 0x0000000023200000,0x0000000023400000] [id=10180]
  0x0000000022ffd800 WatcherThread [stack: 0x00000000244f0000,0x00000000246f0000] [id=10216]
  0x0000000000f6e000 GCTaskThread "GC Thread#0" [stack: 0x000000001a190000,0x000000001a390000] [id=10160]
  0x0000000024bad800 GCTaskThread "GC Thread#1" [stack: 0x000000002e9e0000,0x000000002ebe0000] [id=8084]
  0x0000000024f64800 GCTaskThread "GC Thread#2" [stack: 0x000000002ebe0000,0x000000002ede0000] [id=8336]
  0x0000000024f65000 GCTaskThread "GC Thread#3" [stack: 0x000000002ede0000,0x000000002efe0000] [id=8228]
  0x000000002d028000 GCTaskThread "GC Thread#4" [stack: 0x000000002efe0000,0x000000002f1e0000] [id=8220]
  0x000000002d029000 GCTaskThread "GC Thread#5" [stack: 0x000000002f1e0000,0x000000002f3e0000] [id=8232]
  0x0000000000f9e800 ConcurrentGCThread "G1 Main Marker" [stack: 0x000000001f5a0000,0x000000001f7a0000] [id=10164]
  0x0000000000fa0000 ConcurrentGCThread "G1 Conc#0" [stack: 0x000000001f7a0000,0x000000001f9a0000] [id=10168]
  0x000000002cd6c800 ConcurrentGCThread "G1 Conc#1" [stack: 0x0000000033040000,0x0000000033240000] [id=7312]
  0x0000000022053000 ConcurrentGCThread "G1 Refine#0" [stack: 0x0000000022200000,0x0000000022400000] [id=10172]
  0x00000000249dc000 ConcurrentGCThread "G1 Refine#1" [stack: 0x000000002f3e0000,0x000000002f5e0000] [id=8320]
  0x0000000022056000 ConcurrentGCThread "G1 Young RemSet Sampling" [stack: 0x0000000022400000,0x0000000022600000] [id=10176]

Threads with active compile tasks:

VM state:not at safepoint (normal execution)

VM Mutex/Monitor currently owned by a thread: None

Heap address: 0x0000000081c00000, size: 2020 MB, Compressed Oops mode: 32-bit
Narrow klass base: 0x0000000000000000, Narrow klass shift: 3
Compressed class space size: 1073741824 Address: 0x0000000100000000

Heap:
 garbage-first heap   total 287744K, used 147819K [0x0000000081c00000, 0x0000000100000000)
  region size 1024K, 30 young (30720K), 8 survivors (8192K)
 Metaspace       used 75711K, capacity 79193K, committed 79312K, reserved 1118208K
  class space    used 9464K, capacity 10915K, committed 11008K, reserved 1048576K
Heap Regions: E=young(eden), S=young(survivor), O=old, HS=humongous(starts), HC=humongous(continues), CS=collection set, F=free, A=archive, TAMS=top-at-mark-start (previous, next)
|   0|0x0000000081c00000, 0x0000000081d00000, 0x0000000081d00000|100%| O|  |TAMS 0x0000000081d00000, 0x0000000081c00000| Untracked 
|   1|0x0000000081d00000, 0x0000000081e00000, 0x0000000081e00000|100%| O|  |TAMS 0x0000000081e00000, 0x0000000081d00000| Untracked 
|   2|0x0000000081e00000, 0x0000000081f00000, 0x0000000081f00000|100%| O|  |TAMS 0x0000000081f00000, 0x0000000081e00000| Untracked 
|   3|0x0000000081f00000, 0x0000000082000000, 0x0000000082000000|100%| O|  |TAMS 0x0000000082000000, 0x0000000081f00000| Untracked 
|   4|0x0000000082000000, 0x0000000082100000, 0x0000000082100000|100%| O|  |TAMS 0x0000000082100000, 0x0000000082000000| Untracked 
|   5|0x0000000082100000, 0x0000000082200000, 0x0000000082200000|100%| O|  |TAMS 0x0000000082200000, 0x0000000082100000| Untracked 
|   6|0x0000000082200000, 0x0000000082300000, 0x0000000082300000|100%| O|  |TAMS 0x0000000082300000, 0x0000000082200000| Untracked 
|   7|0x0000000082300000, 0x0000000082400000, 0x0000000082400000|100%| O|  |TAMS 0x0000000082300000, 0x0000000082300000| Untracked 
|   8|0x0000000082400000, 0x0000000082500000, 0x0000000082500000|100%| O|  |TAMS 0x0000000082500000, 0x0000000082400000| Untracked 
|   9|0x0000000082500000, 0x0000000082600000, 0x0000000082600000|100%| O|  |TAMS 0x0000000082600000, 0x0000000082500000| Untracked 
|  10|0x0000000082600000, 0x0000000082700000, 0x0000000082700000|100%| O|  |TAMS 0x0000000082700000, 0x0000000082600000| Untracked 
|  11|0x0000000082700000, 0x0000000082800000, 0x0000000082800000|100%| O|  |TAMS 0x0000000082800000, 0x0000000082700000| Untracked 
|  12|0x0000000082800000, 0x0000000082900000, 0x0000000082900000|100%| O|  |TAMS 0x0000000082900000, 0x0000000082800000| Untracked 
|  13|0x0000000082900000, 0x0000000082a00000, 0x0000000082a00000|100%| O|  |TAMS 0x0000000082a00000, 0x0000000082900000| Untracked 
|  14|0x0000000082a00000, 0x0000000082b00000, 0x0000000082b00000|100%| O|  |TAMS 0x0000000082b00000, 0x0000000082a00000| Untracked 
|  15|0x0000000082b00000, 0x0000000082c00000, 0x0000000082c00000|100%| O|  |TAMS 0x0000000082c00000, 0x0000000082b00000| Untracked 
|  16|0x0000000082c00000, 0x0000000082d00000, 0x0000000082d00000|100%| O|  |TAMS 0x0000000082d00000, 0x0000000082c00000| Untracked 
|  17|0x0000000082d00000, 0x0000000082e00000, 0x0000000082e00000|100%| O|  |TAMS 0x0000000082e00000, 0x0000000082d00000| Untracked 
|  18|0x0000000082e00000, 0x0000000082f00000, 0x0000000082f00000|100%| O|  |TAMS 0x0000000082f00000, 0x0000000082e00000| Untracked 
|  19|0x0000000082f00000, 0x0000000083000000, 0x0000000083000000|100%| O|  |TAMS 0x0000000083000000, 0x0000000082f00000| Untracked 
|  20|0x0000000083000000, 0x0000000083100000, 0x0000000083100000|100%| O|  |TAMS 0x0000000083100000, 0x0000000083000000| Untracked 
|  21|0x0000000083100000, 0x0000000083200000, 0x0000000083200000|100%| O|  |TAMS 0x0000000083200000, 0x0000000083100000| Untracked 
|  22|0x0000000083200000, 0x0000000083300000, 0x0000000083300000|100%| O|  |TAMS 0x0000000083200000, 0x0000000083200000| Untracked 
|  23|0x0000000083300000, 0x0000000083400000, 0x0000000083400000|100%| O|  |TAMS 0x0000000083300000, 0x0000000083300000| Untracked 
|  24|0x0000000083400000, 0x0000000083500000, 0x0000000083500000|100%| O|  |TAMS 0x0000000083500000, 0x0000000083400000| Untracked 
|  25|0x0000000083500000, 0x0000000083600000, 0x0000000083600000|100%| O|  |TAMS 0x0000000083600000, 0x0000000083500000| Untracked 
|  26|0x0000000083600000, 0x0000000083700000, 0x0000000083700000|100%| O|  |TAMS 0x0000000083600000, 0x0000000083600000| Untracked 
|  27|0x0000000083700000, 0x0000000083800000, 0x0000000083800000|100%| O|  |TAMS 0x0000000083800000, 0x0000000083700000| Untracked 
|  28|0x0000000083800000, 0x0000000083900000, 0x0000000083900000|100%| O|  |TAMS 0x0000000083800000, 0x0000000083800000| Untracked 
|  29|0x0000000083900000, 0x0000000083a00000, 0x0000000083a00000|100%| O|  |TAMS 0x0000000083a00000, 0x0000000083900000| Untracked 
|  30|0x0000000083a00000, 0x0000000083b00000, 0x0000000083b00000|100%| O|  |TAMS 0x0000000083b00000, 0x0000000083a00000| Untracked 
|  31|0x0000000083b00000, 0x0000000083c00000, 0x0000000083c00000|100%| O|  |TAMS 0x0000000083c00000, 0x0000000083b00000| Untracked 
|  32|0x0000000083c00000, 0x0000000083d00000, 0x0000000083d00000|100%| O|  |TAMS 0x0000000083d00000, 0x0000000083c00000| Untracked 
|  33|0x0000000083d00000, 0x0000000083e00000, 0x0000000083e00000|100%| O|  |TAMS 0x0000000083e00000, 0x0000000083d00000| Untracked 
|  34|0x0000000083e00000, 0x0000000083f00000, 0x0000000083f00000|100%| O|  |TAMS 0x0000000083f00000, 0x0000000083e00000| Untracked 
|  35|0x0000000083f00000, 0x0000000084000000, 0x0000000084000000|100%| O|  |TAMS 0x0000000084000000, 0x0000000083f00000| Untracked 
|  36|0x0000000084000000, 0x0000000084100000, 0x0000000084100000|100%| O|  |TAMS 0x0000000084000000, 0x0000000084000000| Untracked 
|  37|0x0000000084100000, 0x0000000084200000, 0x0000000084200000|100%| O|  |TAMS 0x0000000084200000, 0x0000000084100000| Untracked 
|  38|0x0000000084200000, 0x0000000084300000, 0x0000000084300000|100%| O|  |TAMS 0x0000000084300000, 0x0000000084200000| Untracked 
|  39|0x0000000084300000, 0x0000000084400000, 0x0000000084400000|100%| O|  |TAMS 0x0000000084300000, 0x0000000084300000| Untracked 
|  40|0x0000000084400000, 0x0000000084500000, 0x0000000084500000|100%| O|  |TAMS 0x0000000084400000, 0x0000000084400000| Untracked 
|  41|0x0000000084500000, 0x0000000084600000, 0x0000000084600000|100%| O|  |TAMS 0x0000000084500000, 0x0000000084500000| Untracked 
|  42|0x0000000084600000, 0x0000000084700000, 0x0000000084700000|100%| O|  |TAMS 0x0000000084600000, 0x0000000084600000| Untracked 
|  43|0x0000000084700000, 0x0000000084800000, 0x0000000084800000|100%| O|  |TAMS 0x0000000084700000, 0x0000000084700000| Untracked 
|  44|0x0000000084800000, 0x0000000084900000, 0x0000000084900000|100%| O|  |TAMS 0x0000000084900000, 0x0000000084800000| Untracked 
|  45|0x0000000084900000, 0x0000000084a00000, 0x0000000084a00000|100%| O|  |TAMS 0x0000000084a00000, 0x0000000084900000| Untracked 
|  46|0x0000000084a00000, 0x0000000084b00000, 0x0000000084b00000|100%| O|  |TAMS 0x0000000084b00000, 0x0000000084a00000| Untracked 
|  47|0x0000000084b00000, 0x0000000084c00000, 0x0000000084c00000|100%| O|  |TAMS 0x0000000084c00000, 0x0000000084b00000| Untracked 
|  48|0x0000000084c00000, 0x0000000084d00000, 0x0000000084d00000|100%| O|  |TAMS 0x0000000084d00000, 0x0000000084c00000| Untracked 
|  49|0x0000000084d00000, 0x0000000084e00000, 0x0000000084e00000|100%| O|  |TAMS 0x0000000084e00000, 0x0000000084d00000| Untracked 
|  50|0x0000000084e00000, 0x0000000084f00000, 0x0000000084f00000|100%| O|  |TAMS 0x0000000084e00000, 0x0000000084e00000| Untracked 
|  51|0x0000000084f00000, 0x0000000085000000, 0x0000000085000000|100%| O|  |TAMS 0x0000000084f00000, 0x0000000084f00000| Untracked 
|  52|0x0000000085000000, 0x0000000085100000, 0x0000000085100000|100%| O|  |TAMS 0x0000000085000000, 0x0000000085000000| Untracked 
|  53|0x0000000085100000, 0x0000000085200000, 0x0000000085200000|100%| O|  |TAMS 0x0000000085200000, 0x0000000085100000| Untracked 
|  54|0x0000000085200000, 0x0000000085300000, 0x0000000085300000|100%| O|  |TAMS 0x0000000085200000, 0x0000000085200000| Untracked 
|  55|0x0000000085300000, 0x0000000085400000, 0x0000000085400000|100%| O|  |TAMS 0x0000000085300000, 0x0000000085300000| Untracked 
|  56|0x0000000085400000, 0x0000000085500000, 0x0000000085500000|100%| O|  |TAMS 0x0000000085500000, 0x0000000085400000| Untracked 
|  57|0x0000000085500000, 0x0000000085600000, 0x0000000085600000|100%| O|  |TAMS 0x0000000085500000, 0x0000000085500000| Untracked 
|  58|0x0000000085600000, 0x0000000085700000, 0x0000000085700000|100%| O|  |TAMS 0x0000000085600000, 0x0000000085600000| Untracked 
|  59|0x0000000085700000, 0x0000000085800000, 0x0000000085800000|100%| O|  |TAMS 0x0000000085800000, 0x0000000085700000| Untracked 
|  60|0x0000000085800000, 0x0000000085900000, 0x0000000085900000|100%| O|  |TAMS 0x0000000085800000, 0x0000000085800000| Untracked 
|  61|0x0000000085900000, 0x0000000085a00000, 0x0000000085a00000|100%| O|  |TAMS 0x0000000085900000, 0x0000000085900000| Untracked 
|  62|0x0000000085a00000, 0x0000000085b00000, 0x0000000085b00000|100%| O|  |TAMS 0x0000000085b00000, 0x0000000085a00000| Untracked 
|  63|0x0000000085b00000, 0x0000000085c00000, 0x0000000085c00000|100%| O|  |TAMS 0x0000000085b00000, 0x0000000085b00000| Untracked 
|  64|0x0000000085c00000, 0x0000000085d00000, 0x0000000085d00000|100%| O|  |TAMS 0x0000000085c00000, 0x0000000085c00000| Untracked 
|  65|0x0000000085d00000, 0x0000000085e00000, 0x0000000085e00000|100%| O|  |TAMS 0x0000000085d00000, 0x0000000085d00000| Untracked 
|  66|0x0000000085e00000, 0x0000000085f00000, 0x0000000085f00000|100%| O|  |TAMS 0x0000000085e00000, 0x0000000085e00000| Untracked 
|  67|0x0000000085f00000, 0x0000000086000000, 0x0000000086000000|100%| O|  |TAMS 0x0000000085f00000, 0x0000000085f00000| Untracked 
|  68|0x0000000086000000, 0x0000000086100000, 0x0000000086100000|100%| O|  |TAMS 0x0000000086000000, 0x0000000086000000| Untracked 
|  69|0x0000000086100000, 0x0000000086200000, 0x0000000086200000|100%| O|  |TAMS 0x0000000086100000, 0x0000000086100000| Untracked 
|  70|0x0000000086200000, 0x0000000086300000, 0x0000000086300000|100%| O|  |TAMS 0x0000000086200000, 0x0000000086200000| Untracked 
|  71|0x0000000086300000, 0x0000000086400000, 0x0000000086400000|100%| O|  |TAMS 0x0000000086400000, 0x0000000086300000| Untracked 
|  72|0x0000000086400000, 0x0000000086500000, 0x0000000086500000|100%| O|  |TAMS 0x0000000086500000, 0x0000000086400000| Untracked 
|  73|0x0000000086500000, 0x0000000086600000, 0x0000000086600000|100%| O|  |TAMS 0x0000000086500000, 0x0000000086500000| Untracked 
|  74|0x0000000086600000, 0x0000000086700000, 0x0000000086700000|100%| O|  |TAMS 0x0000000086700000, 0x0000000086600000| Untracked 
|  75|0x0000000086700000, 0x0000000086800000, 0x0000000086800000|100%| O|  |TAMS 0x0000000086700000, 0x0000000086700000| Untracked 
|  76|0x0000000086800000, 0x0000000086900000, 0x0000000086900000|100%| O|  |TAMS 0x0000000086800000, 0x0000000086800000| Untracked 
|  77|0x0000000086900000, 0x0000000086a00000, 0x0000000086a00000|100%| O|  |TAMS 0x0000000086900000, 0x0000000086900000| Untracked 
|  78|0x0000000086a00000, 0x0000000086b00000, 0x0000000086b00000|100%| O|  |TAMS 0x0000000086a00000, 0x0000000086a00000| Untracked 
|  79|0x0000000086b00000, 0x0000000086c00000, 0x0000000086c00000|100%| O|  |TAMS 0x0000000086b00000, 0x0000000086b00000| Untracked 
|  80|0x0000000086c00000, 0x0000000086d00000, 0x0000000086d00000|100%| O|  |TAMS 0x0000000086c00000, 0x0000000086c00000| Untracked 
|  81|0x0000000086d00000, 0x0000000086e00000, 0x0000000086e00000|100%| O|  |TAMS 0x0000000086d00000, 0x0000000086d00000| Untracked 
|  82|0x0000000086e00000, 0x0000000086f00000, 0x0000000086f00000|100%|HS|  |TAMS 0x0000000086f00000, 0x0000000086e00000| Complete 
|  83|0x0000000086f00000, 0x0000000087000000, 0x0000000087000000|100%|HC|  |TAMS 0x0000000087000000, 0x0000000086f00000| Complete 
|  84|0x0000000087000000, 0x0000000087100000, 0x0000000087100000|100%| O|  |TAMS 0x0000000087100000, 0x0000000087000000| Untracked 
|  85|0x0000000087100000, 0x0000000087200000, 0x0000000087200000|100%| O|  |TAMS 0x0000000087100000, 0x0000000087100000| Untracked 
|  86|0x0000000087200000, 0x0000000087300000, 0x0000000087300000|100%| O|  |TAMS 0x0000000087200000, 0x0000000087200000| Untracked 
|  87|0x0000000087300000, 0x0000000087400000, 0x0000000087400000|100%| O|  |TAMS 0x0000000087300000, 0x0000000087300000| Untracked 
|  88|0x0000000087400000, 0x0000000087500000, 0x0000000087500000|100%| O|  |TAMS 0x0000000087400000, 0x0000000087400000| Untracked 
|  89|0x0000000087500000, 0x0000000087600000, 0x0000000087600000|100%| O|  |TAMS 0x0000000087500000, 0x0000000087500000| Untracked 
|  90|0x0000000087600000, 0x0000000087700000, 0x0000000087700000|100%| O|  |TAMS 0x0000000087600000, 0x0000000087600000| Untracked 
|  91|0x0000000087700000, 0x0000000087800000, 0x0000000087800000|100%| O|  |TAMS 0x0000000087700000, 0x0000000087700000| Untracked 
|  92|0x0000000087800000, 0x0000000087900000, 0x0000000087900000|100%| O|  |TAMS 0x0000000087800000, 0x0000000087800000| Untracked 
|  93|0x0000000087900000, 0x0000000087a00000, 0x0000000087a00000|100%| O|  |TAMS 0x0000000087900000, 0x0000000087900000| Untracked 
|  94|0x0000000087a00000, 0x0000000087b00000, 0x0000000087b00000|100%| O|  |TAMS 0x0000000087a00000, 0x0000000087a00000| Untracked 
|  95|0x0000000087b00000, 0x0000000087c00000, 0x0000000087c00000|100%| O|  |TAMS 0x0000000087b00000, 0x0000000087b00000| Untracked 
|  96|0x0000000087c00000, 0x0000000087d00000, 0x0000000087d00000|100%| O|  |TAMS 0x0000000087c00000, 0x0000000087c00000| Untracked 
|  97|0x0000000087d00000, 0x0000000087e00000, 0x0000000087e00000|100%| O|  |TAMS 0x0000000087d00000, 0x0000000087d00000| Untracked 
|  98|0x0000000087e00000, 0x0000000087f00000, 0x0000000087f00000|100%| O|  |TAMS 0x0000000087e00000, 0x0000000087e00000| Untracked 
|  99|0x0000000087f00000, 0x0000000088000000, 0x0000000088000000|100%| O|  |TAMS 0x0000000087f00000, 0x0000000087f00000| Untracked 
| 100|0x0000000088000000, 0x0000000088100000, 0x0000000088100000|100%| O|  |TAMS 0x0000000088000000, 0x0000000088000000| Untracked 
| 101|0x0000000088100000, 0x00000000881b5c00, 0x0000000088200000| 70%| O|  |TAMS 0x0000000088100000, 0x0000000088100000| Untracked 
| 102|0x0000000088200000, 0x0000000088200000, 0x0000000088300000|  0%| F|  |TAMS 0x0000000088200000, 0x0000000088200000| Untracked 
| 103|0x0000000088300000, 0x0000000088300000, 0x0000000088400000|  0%| F|  |TAMS 0x0000000088300000, 0x0000000088300000| Untracked 
| 104|0x0000000088400000, 0x0000000088400000, 0x0000000088500000|  0%| F|  |TAMS 0x0000000088400000, 0x0000000088400000| Untracked 
| 105|0x0000000088500000, 0x0000000088500000, 0x0000000088600000|  0%| F|  |TAMS 0x0000000088500000, 0x0000000088500000| Untracked 
| 106|0x0000000088600000, 0x0000000088600000, 0x0000000088700000|  0%| F|  |TAMS 0x0000000088600000, 0x0000000088600000| Untracked 
| 107|0x0000000088700000, 0x0000000088700000, 0x0000000088800000|  0%| F|  |TAMS 0x0000000088700000, 0x0000000088700000| Untracked 
| 108|0x0000000088800000, 0x0000000088800000, 0x0000000088900000|  0%| F|  |TAMS 0x0000000088800000, 0x0000000088800000| Untracked 
| 109|0x0000000088900000, 0x0000000088a00000, 0x0000000088a00000|100%| O|  |TAMS 0x0000000088900000, 0x0000000088900000| Untracked 
| 110|0x0000000088a00000, 0x0000000088a00000, 0x0000000088b00000|  0%| F|  |TAMS 0x0000000088a00000, 0x0000000088a00000| Untracked 
| 111|0x0000000088b00000, 0x0000000088b00000, 0x0000000088c00000|  0%| F|  |TAMS 0x0000000088b00000, 0x0000000088b00000| Untracked 
| 112|0x0000000088c00000, 0x0000000088d00000, 0x0000000088d00000|100%| O|  |TAMS 0x0000000088d00000, 0x0000000088c00000| Untracked 
| 113|0x0000000088d00000, 0x0000000088e00000, 0x0000000088e00000|100%| O|  |TAMS 0x0000000088d00000, 0x0000000088d00000| Untracked 
| 114|0x0000000088e00000, 0x0000000088e00000, 0x0000000088f00000|  0%| F|  |TAMS 0x0000000088e00000, 0x0000000088e00000| Untracked 
| 115|0x0000000088f00000, 0x0000000088f00000, 0x0000000089000000|  0%| F|  |TAMS 0x0000000088f00000, 0x0000000088f00000| Untracked 
| 116|0x0000000089000000, 0x0000000089000000, 0x0000000089100000|  0%| F|  |TAMS 0x0000000089000000, 0x0000000089000000| Untracked 
| 117|0x0000000089100000, 0x0000000089200000, 0x0000000089200000|100%| O|  |TAMS 0x0000000089100000, 0x0000000089100000| Untracked 
| 118|0x0000000089200000, 0x0000000089200000, 0x0000000089300000|  0%| F|  |TAMS 0x0000000089200000, 0x0000000089200000| Untracked 
| 119|0x0000000089300000, 0x0000000089400000, 0x0000000089400000|100%| O|  |TAMS 0x0000000089300000, 0x0000000089300000| Untracked 
| 120|0x0000000089400000, 0x0000000089400000, 0x0000000089500000|  0%| F|  |TAMS 0x0000000089400000, 0x0000000089400000| Untracked 
| 121|0x0000000089500000, 0x0000000089500000, 0x0000000089600000|  0%| F|  |TAMS 0x0000000089500000, 0x0000000089500000| Untracked 
| 122|0x0000000089600000, 0x0000000089600000, 0x0000000089700000|  0%| F|  |TAMS 0x0000000089600000, 0x0000000089600000| Untracked 
| 123|0x0000000089700000, 0x0000000089700000, 0x0000000089800000|  0%| F|  |TAMS 0x0000000089700000, 0x0000000089700000| Untracked 
| 124|0x0000000089800000, 0x0000000089800000, 0x0000000089900000|  0%| F|  |TAMS 0x0000000089800000, 0x0000000089800000| Untracked 
| 125|0x0000000089900000, 0x0000000089a00000, 0x0000000089a00000|100%| O|  |TAMS 0x0000000089900000, 0x0000000089900000| Untracked 
| 126|0x0000000089a00000, 0x0000000089a00000, 0x0000000089b00000|  0%| F|  |TAMS 0x0000000089a00000, 0x0000000089a00000| Untracked 
| 127|0x0000000089b00000, 0x0000000089b00000, 0x0000000089c00000|  0%| F|  |TAMS 0x0000000089b00000, 0x0000000089b00000| Untracked 
| 128|0x0000000089c00000, 0x0000000089c00000, 0x0000000089d00000|  0%| F|  |TAMS 0x0000000089c00000, 0x0000000089c00000| Untracked 
| 129|0x0000000089d00000, 0x0000000089d00000, 0x0000000089e00000|  0%| F|  |TAMS 0x0000000089d00000, 0x0000000089d00000| Untracked 
| 130|0x0000000089e00000, 0x0000000089e00000, 0x0000000089f00000|  0%| F|  |TAMS 0x0000000089e00000, 0x0000000089e00000| Untracked 
| 131|0x0000000089f00000, 0x0000000089f00000, 0x000000008a000000|  0%| F|  |TAMS 0x0000000089f00000, 0x0000000089f00000| Untracked 
| 132|0x000000008a000000, 0x000000008a000000, 0x000000008a100000|  0%| F|  |TAMS 0x000000008a000000, 0x000000008a000000| Untracked 
| 133|0x000000008a100000, 0x000000008a200000, 0x000000008a200000|100%| O|  |TAMS 0x000000008a200000, 0x000000008a100000| Untracked 
| 134|0x000000008a200000, 0x000000008a200000, 0x000000008a300000|  0%| F|  |TAMS 0x000000008a200000, 0x000000008a200000| Untracked 
| 135|0x000000008a300000, 0x000000008a400000, 0x000000008a400000|100%| O|  |TAMS 0x000000008a400000, 0x000000008a300000| Untracked 
| 136|0x000000008a400000, 0x000000008a500000, 0x000000008a500000|100%| O|  |TAMS 0x000000008a4a1e00, 0x000000008a400000| Untracked 
| 137|0x000000008a500000, 0x000000008a600000, 0x000000008a600000|100%| O|  |TAMS 0x000000008a500000, 0x000000008a500000| Untracked 
| 138|0x000000008a600000, 0x000000008a700000, 0x000000008a700000|100%| O|  |TAMS 0x000000008a600000, 0x000000008a600000| Untracked 
| 139|0x000000008a700000, 0x000000008a800000, 0x000000008a800000|100%| O|  |TAMS 0x000000008a700000, 0x000000008a700000| Untracked 
| 140|0x000000008a800000, 0x000000008a900000, 0x000000008a900000|100%| O|  |TAMS 0x000000008a800000, 0x000000008a800000| Untracked 
| 141|0x000000008a900000, 0x000000008aa00000, 0x000000008aa00000|100%| O|  |TAMS 0x000000008a900000, 0x000000008a900000| Untracked 
| 142|0x000000008aa00000, 0x000000008aa00000, 0x000000008ab00000|  0%| F|  |TAMS 0x000000008aa00000, 0x000000008aa00000| Untracked 
| 143|0x000000008ab00000, 0x000000008ab00000, 0x000000008ac00000|  0%| F|  |TAMS 0x000000008ab00000, 0x000000008ab00000| Untracked 
| 144|0x000000008ac00000, 0x000000008ac00000, 0x000000008ad00000|  0%| F|  |TAMS 0x000000008ac00000, 0x000000008ac00000| Untracked 
| 145|0x000000008ad00000, 0x000000008ad00000, 0x000000008ae00000|  0%| F|  |TAMS 0x000000008ad00000, 0x000000008ad00000| Untracked 
| 146|0x000000008ae00000, 0x000000008ae00000, 0x000000008af00000|  0%| F|  |TAMS 0x000000008ae00000, 0x000000008ae00000| Untracked 
| 147|0x000000008af00000, 0x000000008af00000, 0x000000008b000000|  0%| F|  |TAMS 0x000000008af00000, 0x000000008af00000| Untracked 
| 148|0x000000008b000000, 0x000000008b000000, 0x000000008b100000|  0%| F|  |TAMS 0x000000008b000000, 0x000000008b000000| Untracked 
| 149|0x000000008b100000, 0x000000008b100000, 0x000000008b200000|  0%| F|  |TAMS 0x000000008b100000, 0x000000008b100000| Untracked 
| 150|0x000000008b200000, 0x000000008b200000, 0x000000008b300000|  0%| F|  |TAMS 0x000000008b200000, 0x000000008b200000| Untracked 
| 151|0x000000008b300000, 0x000000008b300000, 0x000000008b400000|  0%| F|  |TAMS 0x000000008b300000, 0x000000008b300000| Untracked 
| 152|0x000000008b400000, 0x000000008b400000, 0x000000008b500000|  0%| F|  |TAMS 0x000000008b400000, 0x000000008b400000| Untracked 
| 153|0x000000008b500000, 0x000000008b500000, 0x000000008b600000|  0%| F|  |TAMS 0x000000008b500000, 0x000000008b500000| Untracked 
| 154|0x000000008b600000, 0x000000008b600000, 0x000000008b700000|  0%| F|  |TAMS 0x000000008b600000, 0x000000008b600000| Untracked 
| 155|0x000000008b700000, 0x000000008b700000, 0x000000008b800000|  0%| F|  |TAMS 0x000000008b700000, 0x000000008b700000| Untracked 
| 156|0x000000008b800000, 0x000000008b800000, 0x000000008b900000|  0%| F|  |TAMS 0x000000008b800000, 0x000000008b800000| Untracked 
| 157|0x000000008b900000, 0x000000008b900000, 0x000000008ba00000|  0%| F|  |TAMS 0x000000008b900000, 0x000000008b900000| Untracked 
| 158|0x000000008ba00000, 0x000000008ba00000, 0x000000008bb00000|  0%| F|  |TAMS 0x000000008ba00000, 0x000000008ba00000| Untracked 
| 159|0x000000008bb00000, 0x000000008bb00000, 0x000000008bc00000|  0%| F|  |TAMS 0x000000008bb00000, 0x000000008bb00000| Untracked 
| 160|0x000000008bc00000, 0x000000008bc00000, 0x000000008bd00000|  0%| F|  |TAMS 0x000000008bc00000, 0x000000008bc00000| Untracked 
| 161|0x000000008bd00000, 0x000000008bd00000, 0x000000008be00000|  0%| F|  |TAMS 0x000000008bd00000, 0x000000008bd00000| Untracked 
| 162|0x000000008be00000, 0x000000008be00000, 0x000000008bf00000|  0%| F|  |TAMS 0x000000008be00000, 0x000000008be00000| Untracked 
| 163|0x000000008bf00000, 0x000000008bfa5380, 0x000000008c000000| 64%| S|CS|TAMS 0x000000008bf00000, 0x000000008bf00000| Complete 
| 164|0x000000008c000000, 0x000000008c100000, 0x000000008c100000|100%| S|CS|TAMS 0x000000008c000000, 0x000000008c000000| Complete 
| 165|0x000000008c100000, 0x000000008c200000, 0x000000008c200000|100%| S|CS|TAMS 0x000000008c100000, 0x000000008c100000| Complete 
| 166|0x000000008c200000, 0x000000008c300000, 0x000000008c300000|100%| S|CS|TAMS 0x000000008c200000, 0x000000008c200000| Complete 
| 167|0x000000008c300000, 0x000000008c400000, 0x000000008c400000|100%| S|CS|TAMS 0x000000008c300000, 0x000000008c300000| Complete 
| 168|0x000000008c400000, 0x000000008c500000, 0x000000008c500000|100%| S|CS|TAMS 0x000000008c400000, 0x000000008c400000| Complete 
| 169|0x000000008c500000, 0x000000008c500000, 0x000000008c600000|  0%| F|  |TAMS 0x000000008c500000, 0x000000008c500000| Untracked 
| 170|0x000000008c600000, 0x000000008c600000, 0x000000008c700000|  0%| F|  |TAMS 0x000000008c600000, 0x000000008c600000| Untracked 
| 171|0x000000008c700000, 0x000000008c700000, 0x000000008c800000|  0%| F|  |TAMS 0x000000008c700000, 0x000000008c700000| Untracked 
| 172|0x000000008c800000, 0x000000008c800000, 0x000000008c900000|  0%| F|  |TAMS 0x000000008c800000, 0x000000008c800000| Untracked 
| 173|0x000000008c900000, 0x000000008ca00000, 0x000000008ca00000|100%| S|CS|TAMS 0x000000008c900000, 0x000000008c900000| Complete 
| 174|0x000000008ca00000, 0x000000008ca00000, 0x000000008cb00000|  0%| F|  |TAMS 0x000000008ca00000, 0x000000008ca00000| Untracked 
| 175|0x000000008cb00000, 0x000000008cb00000, 0x000000008cc00000|  0%| F|  |TAMS 0x000000008cb00000, 0x000000008cb00000| Untracked 
| 176|0x000000008cc00000, 0x000000008cc00000, 0x000000008cd00000|  0%| F|  |TAMS 0x000000008cc00000, 0x000000008cc00000| Untracked 
| 177|0x000000008cd00000, 0x000000008cd00000, 0x000000008ce00000|  0%| F|  |TAMS 0x000000008cd00000, 0x000000008cd00000| Untracked 
| 178|0x000000008ce00000, 0x000000008ce00000, 0x000000008cf00000|  0%| F|  |TAMS 0x000000008ce00000, 0x000000008ce00000| Untracked 
| 179|0x000000008cf00000, 0x000000008cf00000, 0x000000008d000000|  0%| F|  |TAMS 0x000000008cf00000, 0x000000008cf00000| Untracked 
| 180|0x000000008d000000, 0x000000008d100000, 0x000000008d100000|100%| S|CS|TAMS 0x000000008d000000, 0x000000008d000000| Complete 
| 181|0x000000008d100000, 0x000000008d100000, 0x000000008d200000|  0%| F|  |TAMS 0x000000008d100000, 0x000000008d100000| Untracked 
| 182|0x000000008d200000, 0x000000008d200000, 0x000000008d300000|  0%| F|  |TAMS 0x000000008d200000, 0x000000008d200000| Untracked 
| 183|0x000000008d300000, 0x000000008d300000, 0x000000008d400000|  0%| F|  |TAMS 0x000000008d300000, 0x000000008d300000| Untracked 
| 184|0x000000008d400000, 0x000000008d400000, 0x000000008d500000|  0%| F|  |TAMS 0x000000008d400000, 0x000000008d400000| Untracked 
| 185|0x000000008d500000, 0x000000008d500000, 0x000000008d600000|  0%| F|  |TAMS 0x000000008d500000, 0x000000008d500000| Untracked 
| 186|0x000000008d600000, 0x000000008d600000, 0x000000008d700000|  0%| F|  |TAMS 0x000000008d600000, 0x000000008d600000| Untracked 
| 187|0x000000008d700000, 0x000000008d700000, 0x000000008d800000|  0%| F|  |TAMS 0x000000008d700000, 0x000000008d700000| Untracked 
| 188|0x000000008d800000, 0x000000008d800000, 0x000000008d900000|  0%| F|  |TAMS 0x000000008d800000, 0x000000008d800000| Untracked 
| 189|0x000000008d900000, 0x000000008d900000, 0x000000008da00000|  0%| F|  |TAMS 0x000000008d900000, 0x000000008d900000| Untracked 
| 190|0x000000008da00000, 0x000000008da00000, 0x000000008db00000|  0%| F|  |TAMS 0x000000008da00000, 0x000000008da00000| Untracked 
| 191|0x000000008db00000, 0x000000008db00000, 0x000000008dc00000|  0%| F|  |TAMS 0x000000008db00000, 0x000000008db00000| Untracked 
| 192|0x000000008dc00000, 0x000000008dc00000, 0x000000008dd00000|  0%| F|  |TAMS 0x000000008dc00000, 0x000000008dc00000| Untracked 
| 193|0x000000008dd00000, 0x000000008dd00000, 0x000000008de00000|  0%| F|  |TAMS 0x000000008dd00000, 0x000000008dd00000| Untracked 
| 194|0x000000008de00000, 0x000000008de00000, 0x000000008df00000|  0%| F|  |TAMS 0x000000008de00000, 0x000000008de00000| Untracked 
| 195|0x000000008df00000, 0x000000008df00000, 0x000000008e000000|  0%| F|  |TAMS 0x000000008df00000, 0x000000008df00000| Untracked 
| 196|0x000000008e000000, 0x000000008e000000, 0x000000008e100000|  0%| F|  |TAMS 0x000000008e000000, 0x000000008e000000| Untracked 
| 197|0x000000008e100000, 0x000000008e100000, 0x000000008e200000|  0%| F|  |TAMS 0x000000008e100000, 0x000000008e100000| Untracked 
| 198|0x000000008e200000, 0x000000008e200000, 0x000000008e300000|  0%| F|  |TAMS 0x000000008e200000, 0x000000008e200000| Untracked 
| 199|0x000000008e300000, 0x000000008e300000, 0x000000008e400000|  0%| F|  |TAMS 0x000000008e300000, 0x000000008e300000| Untracked 
| 200|0x000000008e400000, 0x000000008e400000, 0x000000008e500000|  0%| F|  |TAMS 0x000000008e400000, 0x000000008e400000| Untracked 
| 201|0x000000008e500000, 0x000000008e500000, 0x000000008e600000|  0%| F|  |TAMS 0x000000008e500000, 0x000000008e500000| Untracked 
| 202|0x000000008e600000, 0x000000008e600000, 0x000000008e700000|  0%| F|  |TAMS 0x000000008e600000, 0x000000008e600000| Untracked 
| 203|0x000000008e700000, 0x000000008e700000, 0x000000008e800000|  0%| F|  |TAMS 0x000000008e700000, 0x000000008e700000| Untracked 
| 204|0x000000008e800000, 0x000000008e800000, 0x000000008e900000|  0%| F|  |TAMS 0x000000008e800000, 0x000000008e800000| Untracked 
| 205|0x000000008e900000, 0x000000008e900000, 0x000000008ea00000|  0%| F|  |TAMS 0x000000008e900000, 0x000000008e900000| Untracked 
| 206|0x000000008ea00000, 0x000000008ea00000, 0x000000008eb00000|  0%| F|  |TAMS 0x000000008ea00000, 0x000000008ea00000| Untracked 
| 207|0x000000008eb00000, 0x000000008eb00000, 0x000000008ec00000|  0%| F|  |TAMS 0x000000008eb00000, 0x000000008eb00000| Untracked 
| 208|0x000000008ec00000, 0x000000008ec00000, 0x000000008ed00000|  0%| F|  |TAMS 0x000000008ec00000, 0x000000008ec00000| Untracked 
| 209|0x000000008ed00000, 0x000000008ed00000, 0x000000008ee00000|  0%| F|  |TAMS 0x000000008ed00000, 0x000000008ed00000| Untracked 
| 210|0x000000008ee00000, 0x000000008ee00000, 0x000000008ef00000|  0%| F|  |TAMS 0x000000008ee00000, 0x000000008ee00000| Untracked 
| 211|0x000000008ef00000, 0x000000008ef00000, 0x000000008f000000|  0%| F|  |TAMS 0x000000008ef00000, 0x000000008ef00000| Untracked 
| 212|0x000000008f000000, 0x000000008f000000, 0x000000008f100000|  0%| F|  |TAMS 0x000000008f000000, 0x000000008f000000| Untracked 
| 213|0x000000008f100000, 0x000000008f100000, 0x000000008f200000|  0%| F|  |TAMS 0x000000008f100000, 0x000000008f100000| Untracked 
| 214|0x000000008f200000, 0x000000008f200000, 0x000000008f300000|  0%| F|  |TAMS 0x000000008f200000, 0x000000008f200000| Untracked 
| 215|0x000000008f300000, 0x000000008f300000, 0x000000008f400000|  0%| F|  |TAMS 0x000000008f300000, 0x000000008f300000| Untracked 
| 216|0x000000008f400000, 0x000000008f400000, 0x000000008f500000|  0%| F|  |TAMS 0x000000008f400000, 0x000000008f400000| Untracked 
| 217|0x000000008f500000, 0x000000008f500000, 0x000000008f600000|  0%| F|  |TAMS 0x000000008f500000, 0x000000008f500000| Untracked 
| 218|0x000000008f600000, 0x000000008f600000, 0x000000008f700000|  0%| F|  |TAMS 0x000000008f600000, 0x000000008f600000| Untracked 
| 219|0x000000008f700000, 0x000000008f700000, 0x000000008f800000|  0%| F|  |TAMS 0x000000008f700000, 0x000000008f700000| Untracked 
| 220|0x000000008f800000, 0x000000008f800000, 0x000000008f900000|  0%| F|  |TAMS 0x000000008f800000, 0x000000008f800000| Untracked 
| 221|0x000000008f900000, 0x000000008f900000, 0x000000008fa00000|  0%| F|  |TAMS 0x000000008f900000, 0x000000008f900000| Untracked 
| 222|0x000000008fa00000, 0x000000008fa00000, 0x000000008fb00000|  0%| F|  |TAMS 0x000000008fa00000, 0x000000008fa00000| Untracked 
| 223|0x000000008fb00000, 0x000000008fb00000, 0x000000008fc00000|  0%| F|  |TAMS 0x000000008fb00000, 0x000000008fb00000| Untracked 
| 224|0x000000008fc00000, 0x000000008fc00000, 0x000000008fd00000|  0%| F|  |TAMS 0x000000008fc00000, 0x000000008fc00000| Untracked 
| 225|0x000000008fd00000, 0x000000008fd00000, 0x000000008fe00000|  0%| F|  |TAMS 0x000000008fd00000, 0x000000008fd00000| Untracked 
| 226|0x000000008fe00000, 0x000000008fe00000, 0x000000008ff00000|  0%| F|  |TAMS 0x000000008fe00000, 0x000000008fe00000| Untracked 
| 227|0x000000008ff00000, 0x000000008ff00000, 0x0000000090000000|  0%| F|  |TAMS 0x000000008ff00000, 0x000000008ff00000| Untracked 
| 228|0x0000000090000000, 0x0000000090000000, 0x0000000090100000|  0%| F|  |TAMS 0x0000000090000000, 0x0000000090000000| Untracked 
| 229|0x0000000090100000, 0x0000000090100000, 0x0000000090200000|  0%| F|  |TAMS 0x0000000090100000, 0x0000000090100000| Untracked 
| 230|0x0000000090200000, 0x0000000090200000, 0x0000000090300000|  0%| F|  |TAMS 0x0000000090200000, 0x0000000090200000| Untracked 
| 231|0x0000000090300000, 0x0000000090300000, 0x0000000090400000|  0%| F|  |TAMS 0x0000000090300000, 0x0000000090300000| Untracked 
| 232|0x0000000090400000, 0x0000000090400000, 0x0000000090500000|  0%| F|  |TAMS 0x0000000090400000, 0x0000000090400000| Untracked 
| 233|0x0000000090500000, 0x0000000090500000, 0x0000000090600000|  0%| F|  |TAMS 0x0000000090500000, 0x0000000090500000| Untracked 
| 234|0x0000000090600000, 0x0000000090600000, 0x0000000090700000|  0%| F|  |TAMS 0x0000000090600000, 0x0000000090600000| Untracked 
| 235|0x0000000090700000, 0x0000000090700000, 0x0000000090800000|  0%| F|  |TAMS 0x0000000090700000, 0x0000000090700000| Untracked 
| 236|0x0000000090800000, 0x0000000090800000, 0x0000000090900000|  0%| F|  |TAMS 0x0000000090800000, 0x0000000090800000| Untracked 
| 237|0x0000000090900000, 0x0000000090900000, 0x0000000090a00000|  0%| F|  |TAMS 0x0000000090900000, 0x0000000090900000| Untracked 
| 238|0x0000000090a00000, 0x0000000090a00000, 0x0000000090b00000|  0%| F|  |TAMS 0x0000000090a00000, 0x0000000090a00000| Untracked 
| 239|0x0000000090b00000, 0x0000000090b00000, 0x0000000090c00000|  0%| F|  |TAMS 0x0000000090b00000, 0x0000000090b00000| Untracked 
| 240|0x0000000090c00000, 0x0000000090c00000, 0x0000000090d00000|  0%| F|  |TAMS 0x0000000090c00000, 0x0000000090c00000| Untracked 
| 241|0x0000000090d00000, 0x0000000090d00000, 0x0000000090e00000|  0%| F|  |TAMS 0x0000000090d00000, 0x0000000090d00000| Untracked 
| 242|0x0000000090e00000, 0x0000000090e00000, 0x0000000090f00000|  0%| F|  |TAMS 0x0000000090e00000, 0x0000000090e00000| Untracked 
| 243|0x0000000090f00000, 0x0000000090f00000, 0x0000000091000000|  0%| F|  |TAMS 0x0000000090f00000, 0x0000000090f00000| Untracked 
| 244|0x0000000091000000, 0x0000000091000000, 0x0000000091100000|  0%| F|  |TAMS 0x0000000091000000, 0x0000000091000000| Untracked 
| 245|0x0000000091100000, 0x0000000091100000, 0x0000000091200000|  0%| F|  |TAMS 0x0000000091100000, 0x0000000091100000| Untracked 
| 246|0x0000000091200000, 0x0000000091200000, 0x0000000091300000|  0%| F|  |TAMS 0x0000000091200000, 0x0000000091200000| Untracked 
| 247|0x0000000091300000, 0x0000000091300000, 0x0000000091400000|  0%| F|  |TAMS 0x0000000091300000, 0x0000000091300000| Untracked 
| 248|0x0000000091400000, 0x0000000091400000, 0x0000000091500000|  0%| F|  |TAMS 0x0000000091400000, 0x0000000091400000| Untracked 
| 249|0x0000000091500000, 0x0000000091500000, 0x0000000091600000|  0%| F|  |TAMS 0x0000000091500000, 0x0000000091500000| Untracked 
| 250|0x0000000091600000, 0x0000000091600000, 0x0000000091700000|  0%| F|  |TAMS 0x0000000091600000, 0x0000000091600000| Untracked 
| 251|0x0000000091700000, 0x0000000091700000, 0x0000000091800000|  0%| F|  |TAMS 0x0000000091700000, 0x0000000091700000| Untracked 
| 252|0x0000000091800000, 0x0000000091800000, 0x0000000091900000|  0%| F|  |TAMS 0x0000000091800000, 0x0000000091800000| Untracked 
| 253|0x0000000091900000, 0x0000000091900000, 0x0000000091a00000|  0%| F|  |TAMS 0x0000000091900000, 0x0000000091900000| Untracked 
| 254|0x0000000091a00000, 0x0000000091a00000, 0x0000000091b00000|  0%| F|  |TAMS 0x0000000091a00000, 0x0000000091a00000| Untracked 
| 255|0x0000000091b00000, 0x0000000091b00000, 0x0000000091c00000|  0%| F|  |TAMS 0x0000000091b00000, 0x0000000091b00000| Untracked 
| 256|0x0000000091c00000, 0x0000000091c00000, 0x0000000091d00000|  0%| F|  |TAMS 0x0000000091c00000, 0x0000000091c00000| Untracked 
| 257|0x0000000091d00000, 0x0000000091d00000, 0x0000000091e00000|  0%| F|  |TAMS 0x0000000091d00000, 0x0000000091d00000| Untracked 
| 258|0x0000000091e00000, 0x0000000091e00000, 0x0000000091f00000|  0%| F|  |TAMS 0x0000000091e00000, 0x0000000091e00000| Untracked 
| 259|0x0000000091f00000, 0x0000000091fbbe80, 0x0000000092000000| 73%| E|  |TAMS 0x0000000091f00000, 0x0000000091f00000| Complete 
| 260|0x0000000092000000, 0x0000000092100000, 0x0000000092100000|100%| E|CS|TAMS 0x0000000092000000, 0x0000000092000000| Complete 
| 261|0x0000000092100000, 0x0000000092200000, 0x0000000092200000|100%| E|CS|TAMS 0x0000000092100000, 0x0000000092100000| Complete 
| 262|0x0000000092200000, 0x0000000092300000, 0x0000000092300000|100%| E|CS|TAMS 0x0000000092200000, 0x0000000092200000| Complete 
| 263|0x0000000092300000, 0x0000000092400000, 0x0000000092400000|100%| E|CS|TAMS 0x0000000092300000, 0x0000000092300000| Complete 
| 264|0x0000000092400000, 0x0000000092500000, 0x0000000092500000|100%| E|CS|TAMS 0x0000000092400000, 0x0000000092400000| Complete 
| 265|0x0000000092500000, 0x0000000092600000, 0x0000000092600000|100%| E|CS|TAMS 0x0000000092500000, 0x0000000092500000| Complete 
| 266|0x0000000092600000, 0x0000000092700000, 0x0000000092700000|100%| E|CS|TAMS 0x0000000092600000, 0x0000000092600000| Complete 
| 267|0x0000000092700000, 0x0000000092800000, 0x0000000092800000|100%| E|CS|TAMS 0x0000000092700000, 0x0000000092700000| Complete 
| 268|0x0000000092800000, 0x0000000092900000, 0x0000000092900000|100%| E|CS|TAMS 0x0000000092800000, 0x0000000092800000| Complete 
| 269|0x0000000092900000, 0x0000000092a00000, 0x0000000092a00000|100%| E|CS|TAMS 0x0000000092900000, 0x0000000092900000| Complete 
| 270|0x0000000092a00000, 0x0000000092b00000, 0x0000000092b00000|100%| E|CS|TAMS 0x0000000092a00000, 0x0000000092a00000| Complete 
| 271|0x0000000092b00000, 0x0000000092c00000, 0x0000000092c00000|100%| E|CS|TAMS 0x0000000092b00000, 0x0000000092b00000| Complete 
| 272|0x0000000092c00000, 0x0000000092d00000, 0x0000000092d00000|100%| E|CS|TAMS 0x0000000092c00000, 0x0000000092c00000| Complete 
| 273|0x0000000092d00000, 0x0000000092e00000, 0x0000000092e00000|100%| E|CS|TAMS 0x0000000092d00000, 0x0000000092d00000| Complete 
| 274|0x0000000092e00000, 0x0000000092f00000, 0x0000000092f00000|100%| E|CS|TAMS 0x0000000092e00000, 0x0000000092e00000| Complete 
| 275|0x0000000092f00000, 0x0000000093000000, 0x0000000093000000|100%| E|CS|TAMS 0x0000000092f00000, 0x0000000092f00000| Complete 
| 276|0x0000000093000000, 0x0000000093100000, 0x0000000093100000|100%| E|CS|TAMS 0x0000000093000000, 0x0000000093000000| Complete 
| 277|0x0000000093100000, 0x0000000093200000, 0x0000000093200000|100%| E|CS|TAMS 0x0000000093100000, 0x0000000093100000| Complete 
| 278|0x0000000093200000, 0x0000000093300000, 0x0000000093300000|100%| E|CS|TAMS 0x0000000093200000, 0x0000000093200000| Complete 
| 279|0x0000000093300000, 0x0000000093400000, 0x0000000093400000|100%| E|CS|TAMS 0x0000000093300000, 0x0000000093300000| Complete 
| 280|0x0000000093400000, 0x0000000093500000, 0x0000000093500000|100%| E|CS|TAMS 0x0000000093400000, 0x0000000093400000| Complete 

Card table byte_map: [0x000000001adf0000,0x000000001b1f0000] _byte_map_base: 0x000000001a9e2000

Marking Bits (Prev, Next): (CMBitMap*) 0x0000000000f95c88, (CMBitMap*) 0x0000000000f95cc0
 Prev Bits: [0x000000001b5f0000, 0x000000001d580000)
 Next Bits: [0x000000001d580000, 0x000000001f510000)

Polling page: 0x00000000001e0000

Metaspace:

Usage:
  Non-class:     66.68 MB capacity,    64.69 MB ( 97%) used,     1.57 MB (  2%) free+waste,   427.94 KB ( <1%) overhead. 
      Class:     10.66 MB capacity,     9.24 MB ( 87%) used,     1.22 MB ( 11%) free+waste,   199.50 KB (  2%) overhead. 
       Both:     77.34 MB capacity,    73.94 MB ( 96%) used,     2.79 MB (  4%) free+waste,   627.44 KB ( <1%) overhead. 

Virtual space:
  Non-class space:       68.00 MB reserved,      66.70 MB ( 98%) committed 
      Class space:        1.00 GB reserved,      10.75 MB (  1%) committed 
             Both:        1.07 GB reserved,      77.45 MB (  7%) committed 

Chunk freelists:
   Non-Class:  3.25 KB
       Class:  768 bytes
        Both:  4.00 KB

CodeHeap 'non-profiled nmethods': size=120064Kb used=15925Kb max_used=15925Kb free=104138Kb
 bounds [0x0000000012a70000, 0x0000000013a10000, 0x0000000019fb0000]
CodeHeap 'profiled nmethods': size=120000Kb used=26206Kb max_used=27539Kb free=93793Kb
 bounds [0x000000000b540000, 0x000000000d0a0000, 0x0000000012a70000]
CodeHeap 'non-nmethods': size=5696Kb used=1581Kb max_used=1641Kb free=4114Kb
 bounds [0x000000000afb0000, 0x000000000b220000, 0x000000000b540000]
 total_blobs=28520 nmethods=14110 adapters=1034
 compilation: enabled
              stopped_count=0, restarted_count=0
 full_count=0

Compilation events (10 events):
Event: 604.311 Thread 0x0000000022e35800 19361   !   3       jdk.internal.reflect.GeneratedConstructorAccessor14::newInstance (49 bytes)
Event: 604.311 Thread 0x0000000022e8c800 19363       4       sun.security.provider.ByteArrayAccess::l2bBig (210 bytes)
Event: 604.312 Thread 0x0000000022e35800 nmethod 19361 0x000000000c2c2390 code [0x000000000c2c25c0, 0x000000000c2c2b50]
Event: 604.312 Thread 0x0000000022e35800 19362   !   3       jdk.internal.reflect.GeneratedConstructorAccessor15::newInstance (49 bytes)
Event: 604.313 Thread 0x0000000022e35800 nmethod 19362 0x000000000c2cd390 code [0x000000000c2cd5a0, 0x000000000c2cdb30]
Event: 604.318 Thread 0x0000000022e8c800 nmethod 19363 0x00000000139ff410 code [0x00000000139ff5c0, 0x00000000139ff878]
Event: 606.250 Thread 0x0000000022e8c800 19364       4       java.util.LinkedList::spliterator (11 bytes)
Event: 606.251 Thread 0x0000000022e8c800 nmethod 19364 0x00000000139ffa90 code [0x00000000139ffc20, 0x00000000139ffd78]
Event: 607.066 Thread 0x0000000022e8c800 19365       4       com.sun.javafx.sg.prism.NGNode::computeDirtyRegion (95 bytes)
Event: 607.071 Thread 0x0000000022e8c800 nmethod 19365 0x00000000139ffe10 code [0x0000000013a00000, 0x0000000013a00598]

GC Heap History (10 events):
Event: 600.515 GC heap before
{Heap before GC invocations=325 (full 0):
 garbage-first heap   total 287744K, used 230436K [0x0000000081c00000, 0x0000000100000000)
  region size 1024K, 126 young (129024K), 11 survivors (11264K)
 Metaspace       used 75705K, capacity 79193K, committed 79312K, reserved 1118208K
  class space    used 9464K, capacity 10915K, committed 11008K, reserved 1048576K
}
Event: 600.518 GC heap after
{Heap after GC invocations=326 (full 0):
 garbage-first heap   total 287744K, used 117472K [0x0000000081c00000, 0x0000000100000000)
  region size 1024K, 12 young (12288K), 12 survivors (12288K)
 Metaspace       used 75705K, capacity 79193K, committed 79312K, reserved 1118208K
  class space    used 9464K, capacity 10915K, committed 11008K, reserved 1048576K
}
Event: 601.047 GC heap before
{Heap before GC invocations=326 (full 0):
 garbage-first heap   total 287744K, used 227040K [0x0000000081c00000, 0x0000000100000000)
  region size 1024K, 120 young (122880K), 12 survivors (12288K)
 Metaspace       used 75708K, capacity 79193K, committed 79312K, reserved 1118208K
  class space    used 9464K, capacity 10915K, committed 11008K, reserved 1048576K
}
Event: 601.050 GC heap after
{Heap after GC invocations=327 (full 0):
 garbage-first heap   total 287744K, used 119248K [0x0000000081c00000, 0x0000000100000000)
  region size 1024K, 10 young (10240K), 10 survivors (10240K)
 Metaspace       used 75708K, capacity 79193K, committed 79312K, reserved 1118208K
  class space    used 9464K, capacity 10915K, committed 11008K, reserved 1048576K
}
Event: 601.518 GC heap before
{Heap before GC invocations=327 (full 0):
 garbage-first heap   total 287744K, used 227792K [0x0000000081c00000, 0x0000000100000000)
  region size 1024K, 117 young (119808K), 10 survivors (10240K)
 Metaspace       used 75708K, capacity 79193K, committed 79312K, reserved 1118208K
  class space    used 9464K, capacity 10915K, committed 11008K, reserved 1048576K
}
Event: 601.521 GC heap after
{Heap after GC invocations=328 (full 0):
 garbage-first heap   total 287744K, used 124129K [0x0000000081c00000, 0x0000000100000000)
  region size 1024K, 12 young (12288K), 12 survivors (12288K)
 Metaspace       used 75708K, capacity 79193K, committed 79312K, reserved 1118208K
  class space    used 9464K, capacity 10915K, committed 11008K, reserved 1048576K
}
Event: 603.028 GC heap before
{Heap before GC invocations=328 (full 0):
 garbage-first heap   total 287744K, used 226529K [0x0000000081c00000, 0x0000000100000000)
  region size 1024K, 113 young (115712K), 12 survivors (12288K)
 Metaspace       used 75709K, capacity 79193K, committed 79312K, reserved 1118208K
  class space    used 9464K, capacity 10915K, committed 11008K, reserved 1048576K
}
Event: 603.031 GC heap after
{Heap after GC invocations=329 (full 0):
 garbage-first heap   total 287744K, used 125451K [0x0000000081c00000, 0x0000000100000000)
  region size 1024K, 10 young (10240K), 10 survivors (10240K)
 Metaspace       used 75709K, capacity 79193K, committed 79312K, reserved 1118208K
  class space    used 9464K, capacity 10915K, committed 11008K, reserved 1048576K
}
Event: 606.031 GC heap before
{Heap before GC invocations=329 (full 0):
 garbage-first heap   total 287744K, used 226827K [0x0000000081c00000, 0x0000000100000000)
  region size 1024K, 110 young (112640K), 10 survivors (10240K)
 Metaspace       used 75711K, capacity 79193K, committed 79312K, reserved 1118208K
  class space    used 9464K, capacity 10915K, committed 11008K, reserved 1048576K
}
Event: 606.033 GC heap after
{Heap after GC invocations=330 (full 0):
 garbage-first heap   total 287744K, used 126315K [0x0000000081c00000, 0x0000000100000000)
  region size 1024K, 8 young (8192K), 8 survivors (8192K)
 Metaspace       used 75711K, capacity 79193K, committed 79312K, reserved 1118208K
  class space    used 9464K, capacity 10915K, committed 11008K, reserved 1048576K
}

Deoptimization events (10 events):
Event: 499.080 Thread 0x0000000024ab7000 Uncommon trap: reason=unstable_if action=reinterpret pc=0x00000000134d7eb4 method=com.sun.javafx.event.EventRedirector.dispatchCapturingEvent(Ljavafx/event/Event;)Ljavafx/event/Event; @ 9 c2
Event: 504.127 Thread 0x0000000024ab7000 Uncommon trap: reason=unstable_if action=reinterpret pc=0x0000000013419170 method=javafx.scene.text.Text.getRuns()[Lcom/sun/javafx/scene/text/GlyphList; @ 16 c2
Event: 504.127 Thread 0x0000000024ab7000 Uncommon trap: reason=unstable_if action=reinterpret pc=0x000000001306b994 method=javafx.scene.Parent.childBoundsChanged(Ljavafx/scene/Node;)V @ 5 c2
Event: 504.131 Thread 0x0000000024ab7000 Uncommon trap: reason=class_check action=maybe_recompile pc=0x00000000134627bc method=javafx.scene.layout.Region.computeChildPrefAreaHeight(Ljavafx/scene/Node;DLjavafx/geometry/Insets;D)D @ 148 c2
Event: 504.131 Thread 0x0000000024ab7000 Uncommon trap: reason=unstable_if action=reinterpret pc=0x0000000012fc0ef0 method=javafx.scene.layout.Region.computeChildMinAreaHeight(Ljavafx/scene/Node;DLjavafx/geometry/Insets;D)D @ 123 c2
Event: 546.218 Thread 0x0000000024ab7000 Uncommon trap: reason=class_check action=maybe_recompile pc=0x00000000133eb4a4 method=javafx.scene.Scene$MouseHandler.handleNodeRemoval(Ljavafx/scene/Node;)V @ 270 c2
Event: 564.164 Thread 0x0000000024ab7000 Uncommon trap: reason=unstable_if action=reinterpret pc=0x000000001395f458 method=bluej.parser.lexer.JavaLexer.getSymbolType(C)I @ 27 c2
Event: 585.259 Thread 0x0000000024ab7000 Uncommon trap: reason=class_check action=maybe_recompile pc=0x00000000139a89a8 method=bluej.parser.JavaParser.parseExpression()V @ 2205 c2
Event: 585.313 Thread 0x0000000032661000 Uncommon trap: reason=unstable_if action=reinterpret pc=0x000000001398a788 method=com.sun.tools.javac.parser.JavaTokenizer.readToken()Lcom/sun/tools/javac/parser/Tokens$Token; @ 1605 c2
Event: 593.443 Thread 0x0000000024ab7000 Uncommon trap: reason=unstable_if action=reinterpret pc=0x00000000137d8e64 method=bluej.parser.JavaParser.parseVariableDeclaration(Lbluej/parser/lexer/LocatableToken;)Z @ 36 c2

Classes redefined (0 events):
No events

Internal exceptions (10 events):
Event: 599.000 Thread 0x0000000032661000 Exception <a 'sun/nio/fs/WindowsException'{0x0000000092a60c08}> (0x0000000092a60c08) thrown at [t:/workspace/open/src/hotspot/share/prims/jni.cpp, line 615]
Event: 599.001 Thread 0x0000000032661000 Exception <a 'sun/nio/fs/WindowsException'{0x0000000092a615a8}> (0x0000000092a615a8) thrown at [t:/workspace/open/src/hotspot/share/prims/jni.cpp, line 615]
Event: 599.001 Thread 0x0000000032661000 Exception <a 'sun/nio/fs/WindowsException'{0x0000000092a618c0}> (0x0000000092a618c0) thrown at [t:/workspace/open/src/hotspot/share/prims/jni.cpp, line 615]
Event: 599.018 Thread 0x0000000032661000 Exception <a 'sun/nio/fs/WindowsException'{0x00000000925f3318}> (0x00000000925f3318) thrown at [t:/workspace/open/src/hotspot/share/prims/jni.cpp, line 615]
Event: 599.021 Thread 0x0000000032661000 Exception <a 'sun/nio/fs/WindowsException'{0x0000000092451748}> (0x0000000092451748) thrown at [t:/workspace/open/src/hotspot/share/prims/jni.cpp, line 615]
Event: 599.022 Thread 0x0000000032661000 Exception <a 'sun/nio/fs/WindowsException'{0x000000009245c1f8}> (0x000000009245c1f8) thrown at [t:/workspace/open/src/hotspot/share/prims/jni.cpp, line 615]
Event: 599.025 Thread 0x0000000032661000 Exception <a 'sun/nio/fs/WindowsException'{0x0000000092383a90}> (0x0000000092383a90) thrown at [t:/workspace/open/src/hotspot/share/prims/jni.cpp, line 615]
Event: 599.025 Thread 0x0000000032661000 Exception <a 'sun/nio/fs/WindowsException'{0x0000000092383cd0}> (0x0000000092383cd0) thrown at [t:/workspace/open/src/hotspot/share/prims/jni.cpp, line 615]
Event: 599.025 Thread 0x0000000032661000 Exception <a 'sun/nio/fs/WindowsException'{0x0000000092384c60}> (0x0000000092384c60) thrown at [t:/workspace/open/src/hotspot/share/prims/jni.cpp, line 615]
Event: 599.025 Thread 0x0000000032661000 Exception <a 'sun/nio/fs/WindowsException'{0x0000000092384ea0}> (0x0000000092384ea0) thrown at [t:/workspace/open/src/hotspot/share/prims/jni.cpp, line 615]

Events (10 events):
Event: 606.033 Executing VM operation: RevokeBias
Event: 606.033 Executing VM operation: RevokeBias done
Event: 606.034 Executing VM operation: RevokeBias
Event: 606.034 Executing VM operation: RevokeBias done
Event: 606.034 Executing VM operation: RevokeBias
Event: 606.034 Executing VM operation: RevokeBias done
Event: 606.034 Executing VM operation: RevokeBias
Event: 606.034 Executing VM operation: RevokeBias done
Event: 606.034 Executing VM operation: RevokeBias
Event: 606.034 Executing VM operation: RevokeBias done


Dynamic libraries:
0x0000000000400000 - 0x00000000004d2000 	C:\bluej\BlueJ.exe
0x00007ffce1830000 - 0x00007ffce1a11000 	C:\Windows\SYSTEM32\ntdll.dll
0x00007ffcdedd0000 - 0x00007ffcdee81000 	C:\Windows\System32\KERNEL32.DLL
0x00007ffcde310000 - 0x00007ffcde583000 	C:\Windows\System32\KERNELBASE.dll
0x00007ffcdf780000 - 0x00007ffcdf81e000 	C:\Windows\System32\msvcrt.dll
0x00007ffce02f0000 - 0x00007ffce1730000 	C:\Windows\System32\SHELL32.dll
0x00007ffcde590000 - 0x00007ffcde5d9000 	C:\Windows\System32\cfgmgr32.dll
0x00007ffcdea90000 - 0x00007ffcdeb88000 	C:\Windows\System32\ucrtbase.dll
0x00007ffcdefe0000 - 0x00007ffcdf089000 	C:\Windows\System32\shcore.dll
0x00007ffcdf100000 - 0x00007ffcdf224000 	C:\Windows\System32\RPCRT4.dll
0x00007ffcdfd30000 - 0x00007ffce0052000 	C:\Windows\System32\combase.dll
0x00007ffcdeb90000 - 0x00007ffcdec0a000 	C:\Windows\System32\bcryptPrimitives.dll
0x00007ffcddc00000 - 0x00007ffcde30d000 	C:\Windows\System32\windows.storage.dll
0x00007ffcdecc0000 - 0x00007ffcded61000 	C:\Windows\System32\advapi32.dll
0x00007ffcdf0a0000 - 0x00007ffcdf0fb000 	C:\Windows\System32\sechost.dll
0x00007ffcded70000 - 0x00007ffcdedc1000 	C:\Windows\System32\shlwapi.dll
0x00007ffcdf750000 - 0x00007ffcdf778000 	C:\Windows\System32\GDI32.dll
0x00007ffcde5e0000 - 0x00007ffcde772000 	C:\Windows\System32\gdi32full.dll
0x00007ffcde7a0000 - 0x00007ffcde83f000 	C:\Windows\System32\msvcp_win.dll
0x00007ffcdfb70000 - 0x00007ffcdfd00000 	C:\Windows\System32\USER32.dll
0x00007ffcde780000 - 0x00007ffcde7a0000 	C:\Windows\System32\win32u.dll
0x00007ffcddbe0000 - 0x00007ffcddbf1000 	C:\Windows\System32\kernel.appcore.dll
0x00007ffcddbb0000 - 0x00007ffcddbcf000 	C:\Windows\System32\profapi.dll
0x00007ffcddb40000 - 0x00007ffcddb8c000 	C:\Windows\System32\powrprof.dll
0x00007ffcddbd0000 - 0x00007ffcddbda000 	C:\Windows\System32\FLTLIB.DLL
0x00007ffcd3bc0000 - 0x00007ffcd3bca000 	C:\Windows\SYSTEM32\VERSION.dll
0x00007ffcdfd00000 - 0x00007ffcdfd2d000 	C:\Windows\System32\IMM32.DLL
0x00007ffcaeca0000 - 0x00007ffcaf7c3000 	C:\bluej\jdk\bin\server\jvm.dll
0x00007ffcdf6a0000 - 0x00007ffcdf6a8000 	C:\Windows\System32\PSAPI.DLL
0x00007ffccc5f0000 - 0x00007ffccc606000 	C:\bluej\jdk\bin\VCRUNTIME140.dll
0x00007ffcc8010000 - 0x00007ffcc8019000 	C:\Windows\SYSTEM32\WSOCK32.dll
0x00007ffcdae70000 - 0x00007ffcdae93000 	C:\Windows\SYSTEM32\WINMM.dll
0x00007ffcdf820000 - 0x00007ffcdf88c000 	C:\Windows\System32\WS2_32.dll
0x00007ffcdaca0000 - 0x00007ffcdacca000 	C:\Windows\SYSTEM32\winmmbase.dll
0x00007ffccbe50000 - 0x00007ffccbe61000 	C:\bluej\jdk\bin\verify.dll
0x00007ffcdd6b0000 - 0x00007ffcdd879000 	C:\Windows\SYSTEM32\DBGHELP.DLL
0x00007ffcdd310000 - 0x00007ffcdd339000 	C:\Windows\SYSTEM32\dbgcore.DLL
0x00007ffcca3f0000 - 0x00007ffcca418000 	C:\bluej\jdk\bin\java.dll
0x00007ffcca3d0000 - 0x00007ffcca3e6000 	C:\bluej\jdk\bin\zip.dll
0x00007ffcccaa0000 - 0x00007ffcccaaa000 	C:\bluej\jdk\bin\jimage.dll
0x00007ffcca2b0000 - 0x00007ffcca2c9000 	C:\bluej\jdk\bin\net.dll
0x00007ffcd2b20000 - 0x00007ffcd2bfd000 	C:\Windows\SYSTEM32\WINHTTP.dll
0x00007ffcd4340000 - 0x00007ffcd4508000 	C:\Windows\SYSTEM32\urlmon.dll
0x00007ffcd3bd0000 - 0x00007ffcd3e76000 	C:\Windows\SYSTEM32\iertutil.dll
0x00007ffcdd210000 - 0x00007ffcdd21b000 	C:\Windows\SYSTEM32\CRYPTBASE.DLL
0x00007ffcdd060000 - 0x00007ffcdd0c6000 	C:\Windows\system32\mswsock.dll
0x00007ffcc9b60000 - 0x00007ffcc9b73000 	C:\bluej\jdk\bin\nio.dll
0x0000000180000000 - 0x0000000180003000 	C:\bluej\lib\javafx\bin\api-ms-win-core-console-l1-1-0.dll
0x0000000000800000 - 0x0000000000803000 	C:\bluej\lib\javafx\bin\api-ms-win-core-datetime-l1-1-0.dll
0x0000000000810000 - 0x0000000000813000 	C:\bluej\lib\javafx\bin\api-ms-win-core-debug-l1-1-0.dll
0x0000000001020000 - 0x0000000001023000 	C:\bluej\lib\javafx\bin\api-ms-win-core-errorhandling-l1-1-0.dll
0x0000000001030000 - 0x0000000001034000 	C:\bluej\lib\javafx\bin\api-ms-win-core-file-l1-1-0.dll
0x0000000001040000 - 0x0000000001043000 	C:\bluej\lib\javafx\bin\api-ms-win-core-file-l1-2-0.dll
0x0000000001050000 - 0x0000000001053000 	C:\bluej\lib\javafx\bin\api-ms-win-core-file-l2-1-0.dll
0x0000000001060000 - 0x0000000001063000 	C:\bluej\lib\javafx\bin\api-ms-win-core-handle-l1-1-0.dll
0x0000000001070000 - 0x0000000001073000 	C:\bluej\lib\javafx\bin\api-ms-win-core-heap-l1-1-0.dll
0x00000000252f0000 - 0x00000000252f3000 	C:\bluej\lib\javafx\bin\api-ms-win-core-interlocked-l1-1-0.dll
0x0000000025300000 - 0x0000000025303000 	C:\bluej\lib\javafx\bin\api-ms-win-core-libraryloader-l1-1-0.dll
0x0000000025310000 - 0x0000000025313000 	C:\bluej\lib\javafx\bin\api-ms-win-core-localization-l1-2-0.dll
0x0000000025320000 - 0x0000000025323000 	C:\bluej\lib\javafx\bin\api-ms-win-core-memory-l1-1-0.dll
0x0000000025330000 - 0x0000000025333000 	C:\bluej\lib\javafx\bin\api-ms-win-core-namedpipe-l1-1-0.dll
0x0000000025340000 - 0x0000000025343000 	C:\bluej\lib\javafx\bin\api-ms-win-core-processenvironment-l1-1-0.dll
0x0000000025350000 - 0x0000000025353000 	C:\bluej\lib\javafx\bin\api-ms-win-core-processthreads-l1-1-0.dll
0x0000000025360000 - 0x0000000025363000 	C:\bluej\lib\javafx\bin\api-ms-win-core-processthreads-l1-1-1.dll
0x0000000025370000 - 0x0000000025373000 	C:\bluej\lib\javafx\bin\api-ms-win-core-profile-l1-1-0.dll
0x0000000025380000 - 0x0000000025383000 	C:\bluej\lib\javafx\bin\api-ms-win-core-rtlsupport-l1-1-0.dll
0x0000000025390000 - 0x0000000025393000 	C:\bluej\lib\javafx\bin\api-ms-win-core-string-l1-1-0.dll
0x00000000253a0000 - 0x00000000253a3000 	C:\bluej\lib\javafx\bin\api-ms-win-core-synch-l1-1-0.dll
0x00000000253b0000 - 0x00000000253b3000 	C:\bluej\lib\javafx\bin\api-ms-win-core-synch-l1-2-0.dll
0x00000000253c0000 - 0x00000000253c3000 	C:\bluej\lib\javafx\bin\api-ms-win-core-sysinfo-l1-1-0.dll
0x00000000253d0000 - 0x00000000253d3000 	C:\bluej\lib\javafx\bin\api-ms-win-core-timezone-l1-1-0.dll
0x00000000253e0000 - 0x00000000253e3000 	C:\bluej\lib\javafx\bin\api-ms-win-core-util-l1-1-0.dll
0x00000000253f0000 - 0x00000000253f3000 	C:\bluej\lib\javafx\bin\api-ms-win-crt-conio-l1-1-0.dll
0x0000000025400000 - 0x0000000025404000 	C:\bluej\lib\javafx\bin\api-ms-win-crt-convert-l1-1-0.dll
0x0000000025410000 - 0x0000000025413000 	C:\bluej\lib\javafx\bin\api-ms-win-crt-environment-l1-1-0.dll
0x0000000025420000 - 0x0000000025423000 	C:\bluej\lib\javafx\bin\api-ms-win-crt-filesystem-l1-1-0.dll
0x0000000025430000 - 0x0000000025433000 	C:\bluej\lib\javafx\bin\api-ms-win-crt-heap-l1-1-0.dll
0x0000000025440000 - 0x0000000025443000 	C:\bluej\lib\javafx\bin\api-ms-win-crt-locale-l1-1-0.dll
0x0000000025450000 - 0x0000000025455000 	C:\bluej\lib\javafx\bin\api-ms-win-crt-math-l1-1-0.dll
0x0000000025460000 - 0x0000000025465000 	C:\bluej\lib\javafx\bin\api-ms-win-crt-multibyte-l1-1-0.dll
0x0000000025470000 - 0x0000000025480000 	C:\bluej\lib\javafx\bin\api-ms-win-crt-private-l1-1-0.dll
0x0000000025480000 - 0x0000000025483000 	C:\bluej\lib\javafx\bin\api-ms-win-crt-process-l1-1-0.dll
0x0000000025490000 - 0x0000000025494000 	C:\bluej\lib\javafx\bin\api-ms-win-crt-runtime-l1-1-0.dll
0x00000000254a0000 - 0x00000000254a4000 	C:\bluej\lib\javafx\bin\api-ms-win-crt-stdio-l1-1-0.dll
0x00000000254b0000 - 0x00000000254b4000 	C:\bluej\lib\javafx\bin\api-ms-win-crt-string-l1-1-0.dll
0x00000000254c0000 - 0x00000000254c3000 	C:\bluej\lib\javafx\bin\api-ms-win-crt-time-l1-1-0.dll
0x00000000254d0000 - 0x00000000254d3000 	C:\bluej\lib\javafx\bin\api-ms-win-crt-utility-l1-1-0.dll
0x00007ffcc99e0000 - 0x00007ffcc9ada000 	C:\bluej\lib\javafx\bin\ucrtbase.dll
0x00007ffcc9b40000 - 0x00007ffcc9b56000 	C:\bluej\lib\javafx\bin\vcruntime140.dll
0x00007ffcbb470000 - 0x00007ffcbb516000 	C:\bluej\lib\javafx\bin\msvcp140.dll
0x00007ffcc9560000 - 0x00007ffcc95b1000 	C:\bluej\lib\javafx\bin\concrt140.dll
0x00007ffcc94d0000 - 0x00007ffcc94f3000 	C:\bluej\lib\javafx\bin\prism_d3d.dll
0x00007ffcae4e0000 - 0x00007ffcae677000 	C:\Windows\system32\d3d9.dll
0x00007ffcdb910000 - 0x00007ffcdb939000 	C:\Windows\SYSTEM32\dwmapi.dll
0x00007ffcdb620000 - 0x00007ffcdb6b8000 	C:\Windows\system32\uxtheme.dll
0x00007ffca85b0000 - 0x00007ffca8793000 	C:\Windows\System32\DriverStore\FileRepository\iigd_base.inf_amd64_547f70b92110365c\igdumdim64.dll
0x00007ffcab200000 - 0x00007ffcae2e5000 	C:\Windows\System32\DriverStore\FileRepository\iigd_base.inf_amd64_547f70b92110365c\igd9dxva64.dll
0x00007ffcdfa10000 - 0x00007ffcdfb61000 	C:\Windows\System32\ole32.dll
0x00007ffce1730000 - 0x00007ffce17f2000 	C:\Windows\System32\OLEAUT32.dll
0x00007ffcc9480000 - 0x00007ffcc94c5000 	C:\bluej\lib\javafx\bin\glass.dll
0x00007ffcdeef0000 - 0x00007ffcdefdd000 	C:\Windows\System32\COMDLG32.dll
0x00007ffccf4c0000 - 0x00007ffccf567000 	C:\Windows\WinSxS\amd64_microsoft.windows.common-controls_6595b64144ccf1df_5.82.17134.706_none_f94e2d3f30997a52\COMCTL32.dll
0x00007ffcdf890000 - 0x00007ffcdfa03000 	C:\Windows\System32\MSCTF.dll
0x00007ffcd4b00000 - 0x00007ffcd68a0000 	C:\Windows\System32\DriverStore\FileRepository\iigd_base.inf_amd64_547f70b92110365c\igc64.dll
0x00007ffcaaeb0000 - 0x00007ffcab04e000 	C:\bluej\jdk\bin\awt.dll
0x00007ffcda6d0000 - 0x00007ffcdac97000 	C:\Windows\SYSTEM32\d2d1.dll
0x00007ffcdb4a0000 - 0x00007ffcdb52b000 	C:\Windows\SYSTEM32\apphelp.dll
0x00007ffcc99c0000 - 0x00007ffcc99d4000 	C:\bluej\lib\javafx\bin\javafx_font.dll
0x00007ffcca590000 - 0x00007ffcca8ac000 	C:\Windows\SYSTEM32\dwrite.dll
0x00007ffcdf6b0000 - 0x00007ffcdf750000 	C:\Windows\System32\clbcatq.dll
0x00007ffcc9b80000 - 0x00007ffcc9de9000 	C:\Windows\WinSxS\amd64_microsoft.windows.common-controls_6595b64144ccf1df_6.0.17134.706_none_fb43a2cb30647007\comctl32.dll
0x00007ffcd9370000 - 0x00007ffcd951e000 	C:\Windows\SYSTEM32\WindowsCodecs.dll
0x00007ffcbbb90000 - 0x00007ffcbbbe8000 	C:\Windows\system32\dataexchange.dll
0x00007ffcda3c0000 - 0x00007ffcda6cb000 	C:\Windows\system32\d3d11.dll
0x00007ffcdacd0000 - 0x00007ffcdae6c000 	C:\Windows\system32\dcomp.dll
0x00007ffcdc530000 - 0x00007ffcdc5eb000 	C:\Windows\system32\dxgi.dll
0x00007ffcdbaa0000 - 0x00007ffcdbc58000 	C:\Windows\system32\twinapi.appcore.dll
0x00007ffcdb9f0000 - 0x00007ffcdba19000 	C:\Windows\system32\RMCLIENT.dll
0x00007ffcaa830000 - 0x00007ffcaa864000 	C:\Program Files\Common Files\Microsoft Shared\Ink\rtscom.dll
0x00007ffccc980000 - 0x00007ffccca16000 	C:\Windows\System32\TextInputFramework.dll
0x00007ffcd8e80000 - 0x00007ffcd919e000 	C:\Windows\System32\CoreUIComponents.dll
0x00007ffcdb1e0000 - 0x00007ffcdb2ba000 	C:\Windows\System32\CoreMessaging.dll
0x00007ffcdc8f0000 - 0x00007ffcdc921000 	C:\Windows\SYSTEM32\ntmarta.dll
0x00007ffcd8d20000 - 0x00007ffcd8e6d000 	C:\Windows\SYSTEM32\wintypes.dll
0x00007ffcbd0a0000 - 0x00007ffcbd1c0000 	C:\Windows\system32\opengl32.dll
0x00007ffcbd030000 - 0x00007ffcbd05c000 	C:\Windows\SYSTEM32\GLU32.dll
0x00007ffccc5e0000 - 0x00007ffccc5ed000 	C:\bluej\jdk\bin\sunmscapi.dll
0x00007ffcde8a0000 - 0x00007ffcdea82000 	C:\Windows\System32\CRYPT32.dll

dbghelp: loaded successfully - version: 4.0.5 - missing functions: none
symbol engine: initialized successfully - sym options: 0x614 - pdb path: .;C:\bluej;C:\Windows\SYSTEM32;C:\bluej\jdk\bin\server;C:\bluej\jdk\bin;C:\bluej\lib\javafx\bin;C:\Windows\System32\DriverStore\FileRepository\iigd_base.inf_amd64_547f70b92110365c;C:\Windows\WinSxS\amd64_microsoft.windows.common-controls_6595b64144ccf1df_5.82.17134.706_none_f94e2d3f30997a52;C:\Windows\WinSxS\amd64_microsoft.windows.common-controls_6595b64144ccf1df_6.0.17134.706_none_fb43a2cb30647007;C:\Program Files\Common Files\Microsoft Shared\Ink

VM Arguments:
jvm_args: -Djavafx.embed.singleThread=true 
java_command: <unknown>
java_class_path (initial): C:\bluej\lib\bluej.jar;C:\bluej\lib\javafx\lib\javafx.base.jar;C:\bluej\lib\javafx\lib\javafx.controls.jar;C:\bluej\lib\javafx\lib\javafx.fxml.jar;C:\bluej\lib\javafx\lib\javafx.graphics.jar;C:\bluej\lib\javafx\lib\javafx.media.jar;C:\bluej\lib\javafx\lib\javafx.properties.jar;C:\bluej\lib\javafx\lib\javafx.swing.jar;C:\bluej\lib\javafx\lib\javafx.web.jar
Launcher Type: generic

[Global flags]
     intx CICompilerCount                          = 3                                         {product} {ergonomic}
     uint ConcGCThreads                            = 2                                         {product} {ergonomic}
     uint G1ConcRefinementThreads                  = 6                                         {product} {ergonomic}
   size_t G1HeapRegionSize                         = 1048576                                   {product} {ergonomic}
    uintx GCDrainStackTargetSize                   = 64                                        {product} {ergonomic}
   size_t InitialHeapSize                          = 134217728                                 {product} {ergonomic}
   size_t MarkStackSize                            = 4194304                                   {product} {ergonomic}
   size_t MaxHeapSize                              = 2118123520                                {product} {ergonomic}
   size_t MaxNewSize                               = 1270874112                                {product} {ergonomic}
   size_t MinHeapDeltaBytes                        = 1048576                                   {product} {ergonomic}
    uintx NonNMethodCodeHeapSize                   = 5830092                                {pd product} {ergonomic}
    uintx NonProfiledCodeHeapSize                  = 122914074                              {pd product} {ergonomic}
    uintx ProfiledCodeHeapSize                     = 122914074                              {pd product} {ergonomic}
    uintx ReservedCodeCacheSize                    = 251658240                              {pd product} {ergonomic}
     bool SegmentedCodeCache                       = true                                      {product} {ergonomic}
     bool UseCompressedClassPointers               = true                                 {lp64_product} {ergonomic}
     bool UseCompressedOops                        = true                                 {lp64_product} {ergonomic}
     bool UseG1GC                                  = true                                      {product} {ergonomic}
     bool UseLargePagesIndividualAllocation        = false                                  {pd product} {ergonomic}

Logging:
Log output configuration:
 #0: stdout all=warning uptime,level,tags
 #1: stderr all=off uptime,level,tags

Environment Variables:
PATH=C:\Program Files (x86)\Intel\Intel(R) Management Engine Components\iCLS\;C:\Program Files\Intel\Intel(R) Management Engine Components\iCLS\;C:\Windows\system32;C:\Windows;C:\Windows\System32\Wbem;C:\Windows\System32\WindowsPowerShell\v1.0\;C:\Windows\System32\OpenSSH\;C:\Program Files (x86)\Intel\Intel(R) Management Engine Components\DAL;C:\Program Files\Intel\Intel(R) Management Engine Components\DAL;C:\Program Files (x86)\Intel\Intel(R) Management Engine Components\IPT;C:\Program Files\Intel\Intel(R) Management Engine Components\IPT;C:\Users\Paul Enterprises\AppData\Local\Microsoft\WindowsApps;
USERNAME=Paul Enterprises
OS=Windows_NT
PROCESSOR_IDENTIFIER=Intel64 Family 6 Model 158 Stepping 10, GenuineIntel



---------------  S Y S T E M  ---------------

OS: Windows 10 , 64 bit Build 17134 (10.0.17134.706)

CPU:total 6 (initial active 6) (6 cores per cpu, 1 threads per core) family 6 model 158 stepping 10, cmov, cx8, fxsr, mmx, sse, sse2, sse3, ssse3, sse4.1, sse4.2, popcnt, avx, avx2, aes, clmul, erms, 3dnowpref, lzcnt, tsc, tscinvbit, bmi1, bmi2, adx, fma

Memory: 4k page, system-wide physical 8074M (5330M free)
TotalPageFile size 9354M (AvailPageFile size 6512M)
current process WorkingSet (physical memory assigned to process): 846M, peak: 847M
current process commit charge ("private bytes"): 848M, peak: 849M

vm_info: OpenJDK 64-Bit Server VM (11.0.2+9) for windows-amd64 JRE (11.0.2+9), built on Jan 18 2019 05:23:22 by "mach5one" with MS VC++ 15.5 (VS2017)

END.
